"C:/Users/N007va/Documents/Unreal Projects/Release Game/DP_WV_Arkanoid/Content/Geometry/Meshes/CubeMaterial.uasset" 0
"C:/Users/N007va/Documents/Unreal Projects/Release Game/DP_WV_Arkanoid/Content/Geometry/Meshes/CubeMaterial.uexp" 1
"C:/Users/N007va/Documents/Unreal Projects/Release Game/DP_WV_Arkanoid/Content/Geometry/Meshes/TemplateFloor.uasset" 2
"C:/Users/N007va/Documents/Unreal Projects/Release Game/DP_WV_Arkanoid/Content/Geometry/Meshes/TemplateFloor.uexp" 3
"C:/Users/N007va/Documents/Unreal Projects/Release Game/DP_WV_Arkanoid/Content/Mannequin/Character/Mesh/UE4_Mannequin_Skeleton.uasset" 4
"C:/Users/N007va/Documents/Unreal Projects/Release Game/DP_WV_Arkanoid/Content/Mannequin/Character/Mesh/UE4_Mannequin_Skeleton.uexp" 5
"C:/Users/N007va/Documents/Unreal Projects/Release Game/DP_WV_Arkanoid/Content/Mannequin/Animations/ThirdPersonJump_End.uasset" 6
"C:/Users/N007va/Documents/Unreal Projects/Release Game/DP_WV_Arkanoid/Content/Mannequin/Animations/ThirdPersonJump_End.uexp" 7
"C:/Users/N007va/Documents/Unreal Projects/Release Game/DP_WV_Arkanoid/Content/Mannequin/Character/Mesh/SK_Mannequin_Female_PhysicsAsset.uasset" 8
"C:/Users/N007va/Documents/Unreal Projects/Release Game/DP_WV_Arkanoid/Content/Mannequin/Character/Mesh/SK_Mannequin_Female_PhysicsAsset.uexp" 9
"C:/Users/N007va/Documents/Unreal Projects/Release Game/DP_WV_Arkanoid/Content/Mannequin/Character/Textures/T_UE4Logo_N.uasset" 10
"C:/Users/N007va/Documents/Unreal Projects/Release Game/DP_WV_Arkanoid/Content/Mannequin/Character/Textures/T_UE4Logo_N.uexp" 11
"C:/Users/N007va/Documents/Unreal Projects/Release Game/DP_WV_Arkanoid/Content/Mannequin/Character/Textures/T_UE4Logo_N.ubulk" 12
"C:/Users/N007va/Documents/Unreal Projects/Release Game/DP_WV_Arkanoid/Content/Mannequin/Character/Textures/T_UE4Logo_Mask.uasset" 13
"C:/Users/N007va/Documents/Unreal Projects/Release Game/DP_WV_Arkanoid/Content/Mannequin/Character/Textures/T_UE4Logo_Mask.uexp" 14
"C:/Users/N007va/Documents/Unreal Projects/Release Game/DP_WV_Arkanoid/Content/Mannequin/Character/Textures/T_UE4Logo_Mask.ubulk" 15
"C:/Users/N007va/Documents/Unreal Projects/Release Game/DP_WV_Arkanoid/Content/Mannequin/Character/Textures/T_Male_N.uasset" 16
"C:/Users/N007va/Documents/Unreal Projects/Release Game/DP_WV_Arkanoid/Content/Mannequin/Character/Textures/T_Male_N.uexp" 17
"C:/Users/N007va/Documents/Unreal Projects/Release Game/DP_WV_Arkanoid/Content/Mannequin/Character/Textures/T_Male_N.ubulk" 18
"C:/Users/N007va/Documents/Unreal Projects/Release Game/DP_WV_Arkanoid/Content/Mannequin/Character/Textures/T_Male_Mask.uasset" 19
"C:/Users/N007va/Documents/Unreal Projects/Release Game/DP_WV_Arkanoid/Content/Mannequin/Character/Textures/T_Male_Mask.uexp" 20
"C:/Users/N007va/Documents/Unreal Projects/Release Game/DP_WV_Arkanoid/Content/Mannequin/Character/Textures/T_Male_Mask.ubulk" 21
"C:/Users/N007va/Documents/Unreal Projects/Release Game/DP_WV_Arkanoid/Content/Mannequin/Character/Materials/MaterialLayers/T_ML_Rubber_Blue_01_N.uasset" 22
"C:/Users/N007va/Documents/Unreal Projects/Release Game/DP_WV_Arkanoid/Content/Mannequin/Character/Materials/MaterialLayers/T_ML_Rubber_Blue_01_N.uexp" 23
"C:/Users/N007va/Documents/Unreal Projects/Release Game/DP_WV_Arkanoid/Content/Mannequin/Character/Materials/MaterialLayers/T_ML_Rubber_Blue_01_N.ubulk" 24
"C:/Users/N007va/Documents/Unreal Projects/Release Game/DP_WV_Arkanoid/Content/Mannequin/Character/Materials/MaterialLayers/T_ML_Rubber_Blue_01_D.uasset" 25
"C:/Users/N007va/Documents/Unreal Projects/Release Game/DP_WV_Arkanoid/Content/Mannequin/Character/Materials/MaterialLayers/T_ML_Rubber_Blue_01_D.uexp" 26
"C:/Users/N007va/Documents/Unreal Projects/Release Game/DP_WV_Arkanoid/Content/Mannequin/Character/Materials/MaterialLayers/T_ML_Rubber_Blue_01_D.ubulk" 27
"C:/Users/N007va/Documents/Unreal Projects/Release Game/DP_WV_Arkanoid/Content/Mannequin/Character/Materials/MaterialLayers/T_ML_Aluminum01_N.uasset" 28
"C:/Users/N007va/Documents/Unreal Projects/Release Game/DP_WV_Arkanoid/Content/Mannequin/Character/Materials/MaterialLayers/T_ML_Aluminum01_N.uexp" 29
"C:/Users/N007va/Documents/Unreal Projects/Release Game/DP_WV_Arkanoid/Content/Mannequin/Character/Materials/MaterialLayers/T_ML_Aluminum01_N.ubulk" 30
"C:/Users/N007va/Documents/Unreal Projects/Release Game/DP_WV_Arkanoid/Content/Mannequin/Character/Materials/MaterialLayers/T_ML_Aluminum01.uasset" 31
"C:/Users/N007va/Documents/Unreal Projects/Release Game/DP_WV_Arkanoid/Content/Mannequin/Character/Materials/MaterialLayers/T_ML_Aluminum01.uexp" 32
"C:/Users/N007va/Documents/Unreal Projects/Release Game/DP_WV_Arkanoid/Content/Mannequin/Character/Materials/MaterialLayers/T_ML_Aluminum01.ubulk" 33
"C:/Users/N007va/Documents/Unreal Projects/Release Game/DP_WV_Arkanoid/Content/Mannequin/Character/Materials/MaterialLayers/ML_SoftMetal_UE4.uasset" 34
"C:/Users/N007va/Documents/Unreal Projects/Release Game/DP_WV_Arkanoid/Content/Mannequin/Character/Materials/MaterialLayers/ML_SoftMetal_UE4.uexp" 35
"C:/Users/N007va/Documents/Unreal Projects/Release Game/DP_WV_Arkanoid/Content/Mannequin/Character/Materials/MaterialLayers/ML_Plastic_Shiny_Beige_LOGO.uasset" 36
"C:/Users/N007va/Documents/Unreal Projects/Release Game/DP_WV_Arkanoid/Content/Mannequin/Character/Materials/MaterialLayers/ML_Plastic_Shiny_Beige_LOGO.uexp" 37
"C:/Users/N007va/Documents/Unreal Projects/Release Game/DP_WV_Arkanoid/Content/Mannequin/Character/Materials/MaterialLayers/ML_Plastic_Shiny_Beige.uasset" 38
"C:/Users/N007va/Documents/Unreal Projects/Release Game/DP_WV_Arkanoid/Content/Mannequin/Character/Materials/MaterialLayers/ML_Plastic_Shiny_Beige.uexp" 39
"C:/Users/N007va/Documents/Unreal Projects/Release Game/DP_WV_Arkanoid/Content/Mannequin/Character/Materials/MaterialLayers/ML_GlossyBlack_Latex_UE4.uasset" 40
"C:/Users/N007va/Documents/Unreal Projects/Release Game/DP_WV_Arkanoid/Content/Mannequin/Character/Materials/MaterialLayers/ML_GlossyBlack_Latex_UE4.uexp" 41
"../../../Engine/Content/Functions/MaterialLayerFunctions/MatLayerBlend_Simple.uasset" 42
"../../../Engine/Content/Functions/MaterialLayerFunctions/MatLayerBlend_Simple.uexp" 43
"../../../Engine/Content/Functions/Engine_MaterialFunctions02/Utility/BlendAngleCorrectedNormals.uasset" 44
"../../../Engine/Content/Functions/Engine_MaterialFunctions02/Utility/BlendAngleCorrectedNormals.uexp" 45
"../../../Engine/Content/Functions/MaterialLayerFunctions/MatLayerBlend_NormalBlend.uasset" 46
"../../../Engine/Content/Functions/MaterialLayerFunctions/MatLayerBlend_NormalBlend.uexp" 47
"C:/Users/N007va/Documents/Unreal Projects/Release Game/DP_WV_Arkanoid/Content/Mannequin/Character/Materials/M_Male_Body.uasset" 48
"C:/Users/N007va/Documents/Unreal Projects/Release Game/DP_WV_Arkanoid/Content/Mannequin/Character/Materials/M_Male_Body.uexp" 49
"C:/Users/N007va/Documents/Unreal Projects/Release Game/DP_WV_Arkanoid/Content/Mannequin/Character/Materials/M_UE4Man_ChestLogo.uasset" 50
"C:/Users/N007va/Documents/Unreal Projects/Release Game/DP_WV_Arkanoid/Content/Mannequin/Character/Materials/M_UE4Man_ChestLogo.uexp" 51
"C:/Users/N007va/Documents/Unreal Projects/Release Game/DP_WV_Arkanoid/Content/Mannequin/Character/Textures/T_Female_N.uasset" 52
"C:/Users/N007va/Documents/Unreal Projects/Release Game/DP_WV_Arkanoid/Content/Mannequin/Character/Textures/T_Female_N.uexp" 53
"C:/Users/N007va/Documents/Unreal Projects/Release Game/DP_WV_Arkanoid/Content/Mannequin/Character/Textures/T_Female_N.ubulk" 54
"C:/Users/N007va/Documents/Unreal Projects/Release Game/DP_WV_Arkanoid/Content/Mannequin/Character/Textures/T_Female_Mask.uasset" 55
"C:/Users/N007va/Documents/Unreal Projects/Release Game/DP_WV_Arkanoid/Content/Mannequin/Character/Textures/T_Female_Mask.uexp" 56
"C:/Users/N007va/Documents/Unreal Projects/Release Game/DP_WV_Arkanoid/Content/Mannequin/Character/Textures/T_Female_Mask.ubulk" 57
"C:/Users/N007va/Documents/Unreal Projects/Release Game/DP_WV_Arkanoid/Content/Mannequin/Character/Materials/MI_Female_Body.uasset" 58
"C:/Users/N007va/Documents/Unreal Projects/Release Game/DP_WV_Arkanoid/Content/Mannequin/Character/Materials/MI_Female_Body.uexp" 59
"C:/Users/N007va/Documents/Unreal Projects/Release Game/DP_WV_Arkanoid/Content/Mannequin/Character/Mesh/SK_Mannequin_Female.uasset" 60
"C:/Users/N007va/Documents/Unreal Projects/Release Game/DP_WV_Arkanoid/Content/Mannequin/Character/Mesh/SK_Mannequin_Female.uexp" 61
"C:/Users/N007va/Documents/Unreal Projects/Release Game/DP_WV_Arkanoid/Content/TopDownBP/Materials/Aquamarine.uasset" 62
"C:/Users/N007va/Documents/Unreal Projects/Release Game/DP_WV_Arkanoid/Content/TopDownBP/Materials/Aquamarine.uexp" 63
"C:/Users/N007va/Documents/Unreal Projects/Release Game/DP_WV_Arkanoid/Content/TopDownBP/Materials/Aquamarine_Mat.uasset" 64
"C:/Users/N007va/Documents/Unreal Projects/Release Game/DP_WV_Arkanoid/Content/TopDownBP/Materials/Aquamarine_Mat.uexp" 65
"C:/Users/N007va/Documents/Unreal Projects/Release Game/DP_WV_Arkanoid/Content/TopDownBP/Materials/Blue_metal.uasset" 66
"C:/Users/N007va/Documents/Unreal Projects/Release Game/DP_WV_Arkanoid/Content/TopDownBP/Materials/Blue_metal.uexp" 67
"C:/Users/N007va/Documents/Unreal Projects/Release Game/DP_WV_Arkanoid/Content/TopDownBP/Materials/Blue_metal_Mat.uasset" 68
"C:/Users/N007va/Documents/Unreal Projects/Release Game/DP_WV_Arkanoid/Content/TopDownBP/Materials/Blue_metal_Mat.uexp" 69
"C:/Users/N007va/Documents/Unreal Projects/Release Game/DP_WV_Arkanoid/Content/TopDownBP/Materials/Red.uasset" 70
"C:/Users/N007va/Documents/Unreal Projects/Release Game/DP_WV_Arkanoid/Content/TopDownBP/Materials/Red.uexp" 71
"C:/Users/N007va/Documents/Unreal Projects/Release Game/DP_WV_Arkanoid/Content/TopDownBP/Materials/Red_Mat.uasset" 72
"C:/Users/N007va/Documents/Unreal Projects/Release Game/DP_WV_Arkanoid/Content/TopDownBP/Materials/Red_Mat.uexp" 73
"C:/Users/N007va/Documents/Unreal Projects/Release Game/DP_WV_Arkanoid/Content/TopDownBP/Materials/Yellow.uasset" 74
"C:/Users/N007va/Documents/Unreal Projects/Release Game/DP_WV_Arkanoid/Content/TopDownBP/Materials/Yellow.uexp" 75
"C:/Users/N007va/Documents/Unreal Projects/Release Game/DP_WV_Arkanoid/Content/TopDownBP/Materials/Yellow_Mat.uasset" 76
"C:/Users/N007va/Documents/Unreal Projects/Release Game/DP_WV_Arkanoid/Content/TopDownBP/Materials/Yellow_Mat.uexp" 77
"../../../Engine/Content/Functions/Engine_MaterialFunctions01/Density/ExponentialDensity.uasset" 78
"../../../Engine/Content/Functions/Engine_MaterialFunctions01/Density/ExponentialDensity.uexp" 79
"../../../Engine/Content/Functions/Engine_MaterialFunctions01/Gradient/RadialGradientExponential.uasset" 80
"../../../Engine/Content/Functions/Engine_MaterialFunctions01/Gradient/RadialGradientExponential.uexp" 81
"C:/Users/N007va/Documents/Unreal Projects/Release Game/DP_WV_Arkanoid/Content/TopDownBP/Blueprints/M_Cursor_Decal.uasset" 82
"C:/Users/N007va/Documents/Unreal Projects/Release Game/DP_WV_Arkanoid/Content/TopDownBP/Blueprints/M_Cursor_Decal.uexp" 83
"C:/Users/N007va/Documents/Unreal Projects/Release Game/DP_WV_Arkanoid/Content/Mannequin/Character/Mesh/SK_Mannequin_PhysicsAsset.uasset" 84
"C:/Users/N007va/Documents/Unreal Projects/Release Game/DP_WV_Arkanoid/Content/Mannequin/Character/Mesh/SK_Mannequin_PhysicsAsset.uexp" 85
"C:/Users/N007va/Documents/Unreal Projects/Release Game/DP_WV_Arkanoid/Content/Mannequin/Character/Mesh/SK_Mannequin.uasset" 86
"C:/Users/N007va/Documents/Unreal Projects/Release Game/DP_WV_Arkanoid/Content/Mannequin/Character/Mesh/SK_Mannequin.uexp" 87
"../../../Engine/Content/EditorBlueprintResources/StandardMacros.uasset" 88
"../../../Engine/Content/EditorBlueprintResources/StandardMacros.uexp" 89
"C:/Users/N007va/Documents/Unreal Projects/Release Game/DP_WV_Arkanoid/Content/Mannequin/Animations/ThirdPersonWalk.uasset" 90
"C:/Users/N007va/Documents/Unreal Projects/Release Game/DP_WV_Arkanoid/Content/Mannequin/Animations/ThirdPersonWalk.uexp" 91
"C:/Users/N007va/Documents/Unreal Projects/Release Game/DP_WV_Arkanoid/Content/Mannequin/Animations/ThirdPersonRun.uasset" 92
"C:/Users/N007va/Documents/Unreal Projects/Release Game/DP_WV_Arkanoid/Content/Mannequin/Animations/ThirdPersonRun.uexp" 93
"C:/Users/N007va/Documents/Unreal Projects/Release Game/DP_WV_Arkanoid/Content/Mannequin/Animations/ThirdPersonIdle.uasset" 94
"C:/Users/N007va/Documents/Unreal Projects/Release Game/DP_WV_Arkanoid/Content/Mannequin/Animations/ThirdPersonIdle.uexp" 95
"C:/Users/N007va/Documents/Unreal Projects/Release Game/DP_WV_Arkanoid/Content/Mannequin/Animations/ThirdPerson_IdleRun_2D.uasset" 96
"C:/Users/N007va/Documents/Unreal Projects/Release Game/DP_WV_Arkanoid/Content/Mannequin/Animations/ThirdPerson_IdleRun_2D.uexp" 97
"C:/Users/N007va/Documents/Unreal Projects/Release Game/DP_WV_Arkanoid/Content/Mannequin/Animations/ThirdPerson_Jump.uasset" 98
"C:/Users/N007va/Documents/Unreal Projects/Release Game/DP_WV_Arkanoid/Content/Mannequin/Animations/ThirdPerson_Jump.uexp" 99
"C:/Users/N007va/Documents/Unreal Projects/Release Game/DP_WV_Arkanoid/Content/Mannequin/Animations/ThirdPersonJump_Start.uasset" 100
"C:/Users/N007va/Documents/Unreal Projects/Release Game/DP_WV_Arkanoid/Content/Mannequin/Animations/ThirdPersonJump_Start.uexp" 101
"C:/Users/N007va/Documents/Unreal Projects/Release Game/DP_WV_Arkanoid/Content/Mannequin/Animations/ThirdPersonJump_Loop.uasset" 102
"C:/Users/N007va/Documents/Unreal Projects/Release Game/DP_WV_Arkanoid/Content/Mannequin/Animations/ThirdPersonJump_Loop.uexp" 103
"C:/Users/N007va/Documents/Unreal Projects/Release Game/DP_WV_Arkanoid/Content/Mannequin/Animations/ThirdPerson_AnimBP.uasset" 104
"C:/Users/N007va/Documents/Unreal Projects/Release Game/DP_WV_Arkanoid/Content/Mannequin/Animations/ThirdPerson_AnimBP.uexp" 105
"C:/Users/N007va/Documents/Unreal Projects/Release Game/DP_WV_Arkanoid/Content/TopDownBP/Blueprints/TopDownCharacter.uasset" 106
"C:/Users/N007va/Documents/Unreal Projects/Release Game/DP_WV_Arkanoid/Content/TopDownBP/Blueprints/TopDownCharacter.uexp" 107
"C:/Users/N007va/Documents/Unreal Projects/Release Game/DP_WV_Arkanoid/Content/TopDownBP/Blueprints/TopDownController.uasset" 108
"C:/Users/N007va/Documents/Unreal Projects/Release Game/DP_WV_Arkanoid/Content/TopDownBP/Blueprints/TopDownController.uexp" 109
"C:/Users/N007va/Documents/Unreal Projects/Release Game/DP_WV_Arkanoid/Content/TopDownBP/Blueprints/TopDownGameMode.uasset" 110
"C:/Users/N007va/Documents/Unreal Projects/Release Game/DP_WV_Arkanoid/Content/TopDownBP/Blueprints/TopDownGameMode.uexp" 111
"C:/Users/N007va/Documents/Unreal Projects/Release Game/DP_WV_Arkanoid/Content/TopDownBP/Materials/Lyle.uasset" 112
"C:/Users/N007va/Documents/Unreal Projects/Release Game/DP_WV_Arkanoid/Content/TopDownBP/Materials/Lyle.uexp" 113
"C:/Users/N007va/Documents/Unreal Projects/Release Game/DP_WV_Arkanoid/Content/TopDownBP/Materials/Lyle_Mat.uasset" 114
"C:/Users/N007va/Documents/Unreal Projects/Release Game/DP_WV_Arkanoid/Content/TopDownBP/Materials/Lyle_Mat.uexp" 115
"../../../Engine/Content/Animation/DefaultAnimBoneCompressionSettings.uasset" 116
"../../../Engine/Content/Animation/DefaultAnimBoneCompressionSettings.uexp" 117
"../../../Engine/Content/Animation/DefaultAnimCurveCompressionSettings.uasset" 118
"../../../Engine/Content/Animation/DefaultAnimCurveCompressionSettings.uexp" 119
"../../../Engine/Content/EngineMaterials/T_Default_Material_Grid_N.uasset" 120
"../../../Engine/Content/EngineMaterials/T_Default_Material_Grid_N.uexp" 121
"../../../Engine/Content/EngineMaterials/T_Default_Material_Grid_N.ubulk" 122
"../../../Engine/Content/EngineMaterials/T_Default_Material_Grid_M.uasset" 123
"../../../Engine/Content/EngineMaterials/T_Default_Material_Grid_M.uexp" 124
"../../../Engine/Content/EngineMaterials/T_Default_Material_Grid_M.ubulk" 125
"../../../Engine/Content/Functions/Engine_MaterialFunctions01/Opacity/CameraDepthFade.uasset" 126
"../../../Engine/Content/Functions/Engine_MaterialFunctions01/Opacity/CameraDepthFade.uexp" 127
"../../../Engine/Content/EngineMaterials/WorldGridMaterial.uasset" 128
"../../../Engine/Content/EngineMaterials/WorldGridMaterial.uexp" 129
"../../../Engine/Content/ArtTools/RenderToTexture/Meshes/S_1_Unit_Plane.uasset" 130
"../../../Engine/Content/ArtTools/RenderToTexture/Meshes/S_1_Unit_Plane.uexp" 131
"../../../Engine/Content/EngineMaterials/DefaultMaterial.uasset" 132
"../../../Engine/Content/EngineMaterials/DefaultMaterial.uexp" 133
"../../../Engine/Content/BasicShapes/Cone.uasset" 134
"../../../Engine/Content/BasicShapes/Cone.uexp" 135
"../../../Engine/Content/BasicShapes/Plane.uasset" 136
"../../../Engine/Content/BasicShapes/Plane.uexp" 137
"../../../Engine/Content/EditorLandscapeResources/DataLayer.uasset" 138
"../../../Engine/Content/EditorLandscapeResources/DataLayer.uexp" 139
"../../../Engine/Content/EditorLandscapeResources/DefaultAlphaTexture.uasset" 140
"../../../Engine/Content/EditorLandscapeResources/DefaultAlphaTexture.uexp" 141
"../../../Engine/Content/EditorMaterials/MAT_Groups_Toggle.uasset" 142
"../../../Engine/Content/EditorMaterials/MAT_Groups_Toggle.uexp" 143
"../../../Engine/Content/EditorMaterials/MAT_Groups_Visibility.uasset" 144
"../../../Engine/Content/EditorMaterials/MAT_Groups_Visibility.uexp" 145
"../../../Engine/Content/EditorMaterials/PreviewShadowIndicator.uasset" 146
"../../../Engine/Content/EditorMaterials/PreviewShadowIndicator.uexp" 147
"../../../Engine/Content/EditorMaterials/PreviewShadowIndicator.ubulk" 148
"../../../Engine/Content/EditorMaterials/PreviewShadowIndicatorMaterial.uasset" 149
"../../../Engine/Content/EditorMaterials/PreviewShadowIndicatorMaterial.uexp" 150
"../../../Engine/Content/EditorMaterials/MatineeGroups/MAT_ColorTrack.uasset" 151
"../../../Engine/Content/EditorMaterials/MatineeGroups/MAT_ColorTrack.uexp" 152
"../../../Engine/Content/EditorMaterials/MatineeGroups/MAT_Groups_Anim.uasset" 153
"../../../Engine/Content/EditorMaterials/MatineeGroups/MAT_Groups_Anim.uexp" 154
"../../../Engine/Content/EditorMaterials/MatineeGroups/MAT_Groups_AudioMaster.uasset" 155
"../../../Engine/Content/EditorMaterials/MatineeGroups/MAT_Groups_AudioMaster.uexp" 156
"../../../Engine/Content/EditorMaterials/MatineeGroups/MAT_Groups_Director.uasset" 157
"../../../Engine/Content/EditorMaterials/MatineeGroups/MAT_Groups_Director.uexp" 158
"../../../Engine/Content/EditorMaterials/MatineeGroups/MAT_Groups_Event.uasset" 159
"../../../Engine/Content/EditorMaterials/MatineeGroups/MAT_Groups_Event.uexp" 160
"../../../Engine/Content/EditorMaterials/MatineeGroups/MAT_Groups_Fade.uasset" 161
"../../../Engine/Content/EditorMaterials/MatineeGroups/MAT_Groups_Fade.uexp" 162
"../../../Engine/Content/EditorMaterials/MatineeGroups/MAT_Groups_Float.uasset" 163
"../../../Engine/Content/EditorMaterials/MatineeGroups/MAT_Groups_Float.uexp" 164
"../../../Engine/Content/EditorMaterials/MatineeGroups/MAT_Groups_Move.uasset" 165
"../../../Engine/Content/EditorMaterials/MatineeGroups/MAT_Groups_Move.uexp" 166
"../../../Engine/Content/EditorMaterials/MatineeGroups/MAT_Groups_Slomo.uasset" 167
"../../../Engine/Content/EditorMaterials/MatineeGroups/MAT_Groups_Slomo.uexp" 168
"../../../Engine/Content/EditorMaterials/MatineeGroups/MAT_Groups_Sound.uasset" 169
"../../../Engine/Content/EditorMaterials/MatineeGroups/MAT_Groups_Sound.uexp" 170
"../../../Engine/Content/EditorMaterials/MatineeGroups/MAT_Groups_Vector.uasset" 171
"../../../Engine/Content/EditorMaterials/MatineeGroups/MAT_Groups_Vector.uexp" 172
"../../../Engine/Content/EditorMaterials/ParticleSystems/PSysThumbnail_NoImage.uasset" 173
"../../../Engine/Content/EditorMaterials/ParticleSystems/PSysThumbnail_NoImage.uexp" 174
"../../../Engine/Content/EditorMaterials/ParticleSystems/PSysThumbnail_NoImage.ubulk" 175
"../../../Engine/Content/EditorMaterials/ParticleSystems/PSysThumbnail_OOD.uasset" 176
"../../../Engine/Content/EditorMaterials/ParticleSystems/PSysThumbnail_OOD.uexp" 177
"../../../Engine/Content/EditorMaterials/ParticleSystems/PSysThumbnail_OOD.ubulk" 178
"../../../Engine/Content/EditorMaterials/Camera/CineMat.uasset" 179
"../../../Engine/Content/EditorMaterials/Camera/CineMat.uexp" 180
"../../../Engine/Content/EditorMaterials/Camera/MI_CineMat_Rig.uasset" 181
"../../../Engine/Content/EditorMaterials/Camera/MI_CineMat_Rig.uexp" 182
"../../../Engine/Content/EditorMeshes/Camera/SM_CraneRig_Arm.uasset" 183
"../../../Engine/Content/EditorMeshes/Camera/SM_CraneRig_Arm.uexp" 184
"../../../Engine/Content/EditorMeshes/Camera/SM_CraneRig_Base.uasset" 185
"../../../Engine/Content/EditorMeshes/Camera/SM_CraneRig_Base.uexp" 186
"../../../Engine/Content/EditorMeshes/Camera/SM_CraneRig_Body.uasset" 187
"../../../Engine/Content/EditorMeshes/Camera/SM_CraneRig_Body.uexp" 188
"../../../Engine/Content/EditorMeshes/Camera/SM_CraneRig_Mount.uasset" 189
"../../../Engine/Content/EditorMeshes/Camera/SM_CraneRig_Mount.uexp" 190
"../../../Engine/Content/EditorMeshes/Camera/SM_RailRig_Mount.uasset" 191
"../../../Engine/Content/EditorMeshes/Camera/SM_RailRig_Mount.uexp" 192
"../../../Engine/Content/EditorMeshes/Camera/SM_RailRig_Track.uasset" 193
"../../../Engine/Content/EditorMeshes/Camera/SM_RailRig_Track.uexp" 194
"../../../Engine/Content/EditorResources/BSPVertex.uasset" 195
"../../../Engine/Content/EditorResources/BSPVertex.uexp" 196
"../../../Engine/Content/EditorResources/EmptyActor.uasset" 197
"../../../Engine/Content/EditorResources/EmptyActor.uexp" 198
"../../../Engine/Content/EditorResources/S_Actor.uasset" 199
"../../../Engine/Content/EditorResources/S_Actor.uexp" 200
"../../../Engine/Content/EditorResources/S_Actor.ubulk" 201
"../../../Engine/Content/EditorResources/S_Note.uasset" 202
"../../../Engine/Content/EditorResources/S_Note.uexp" 203
"../../../Engine/Content/EditorResources/S_Note.ubulk" 204
"../../../Engine/Content/EditorResources/S_Solver.uasset" 205
"../../../Engine/Content/EditorResources/S_Solver.uexp" 206
"../../../Engine/Content/EditorResources/S_Solver.ubulk" 207
"../../../Engine/Content/EditorResources/S_Terrain.uasset" 208
"../../../Engine/Content/EditorResources/S_Terrain.uexp" 209
"../../../Engine/Content/EditorResources/S_Terrain.ubulk" 210
"../../../Engine/Content/EditorResources/S_Trigger.uasset" 211
"../../../Engine/Content/EditorResources/S_Trigger.uexp" 212
"../../../Engine/Content/EditorResources/S_Trigger.ubulk" 213
"../../../Engine/Content/EditorResources/LightIcons/S_LightError.uasset" 214
"../../../Engine/Content/EditorResources/LightIcons/S_LightError.uexp" 215
"../../../Engine/Content/EditorResources/SequenceRecorder/Countdown.uasset" 216
"../../../Engine/Content/EditorResources/SequenceRecorder/Countdown.uexp" 217
"../../../Engine/Content/EditorResources/SequenceRecorder/RecordingIndicator.uasset" 218
"../../../Engine/Content/EditorResources/SequenceRecorder/RecordingIndicator.uexp" 219
"../../../Engine/Content/EngineDamageTypes/DmgTypeBP_Environmental.uasset" 220
"../../../Engine/Content/EngineDamageTypes/DmgTypeBP_Environmental.uexp" 221
"../../../Engine/Content/EngineDebugMaterials/DebugEditorMaterial.uasset" 222
"../../../Engine/Content/EngineDebugMaterials/DebugEditorMaterial.uexp" 223
"../../../Engine/Content/EngineDebugMaterials/DebugMeshMaterial.uasset" 224
"../../../Engine/Content/EngineDebugMaterials/DebugMeshMaterial.uexp" 225
"../../../Engine/Content/EngineDebugMaterials/M_SimpleUnlitTranslucent.uasset" 226
"../../../Engine/Content/EngineDebugMaterials/M_SimpleUnlitTranslucent.uexp" 227
"../../../Engine/Content/EngineDebugMaterials/VolumeToRender.uasset" 228
"../../../Engine/Content/EngineDebugMaterials/VolumeToRender.uexp" 229
"../../../Engine/Content/Functions/Engine_MaterialFunctions02/Utility/CameraDirectionVector.uasset" 230
"../../../Engine/Content/Functions/Engine_MaterialFunctions02/Utility/CameraDirectionVector.uexp" 231
"../../../Engine/Content/EngineDebugMaterials/M_VolumeRenderSphereTracePP.uasset" 232
"../../../Engine/Content/EngineDebugMaterials/M_VolumeRenderSphereTracePP.uexp" 233
"../../../Engine/Content/Functions/Engine_MaterialFunctions01/Shading/ConvertFromDiffSpec.uasset" 234
"../../../Engine/Content/Functions/Engine_MaterialFunctions01/Shading/ConvertFromDiffSpec.uexp" 235
"../../../Engine/Content/EngineDebugMaterials/VertexColorMaterial.uasset" 236
"../../../Engine/Content/EngineDebugMaterials/VertexColorMaterial.uexp" 237
"../../../Engine/Content/EngineDebugMaterials/WireframeMaterial.uasset" 238
"../../../Engine/Content/EngineDebugMaterials/WireframeMaterial.uexp" 239
"../../../Engine/Content/EngineFonts/Faces/RobotoRegular.uasset" 240
"../../../Engine/Content/EngineFonts/Faces/RobotoRegular.uexp" 241
"../../../Engine/Content/EngineFonts/Faces/RobotoRegular.ufont" 242
"../../../Engine/Content/EngineFonts/Faces/RobotoLight.uasset" 243
"../../../Engine/Content/EngineFonts/Faces/RobotoLight.uexp" 244
"../../../Engine/Content/EngineFonts/Faces/RobotoLight.ufont" 245
"../../../Engine/Content/EngineFonts/Faces/RobotoItalic.uasset" 246
"../../../Engine/Content/EngineFonts/Faces/RobotoItalic.uexp" 247
"../../../Engine/Content/EngineFonts/Faces/RobotoItalic.ufont" 248
"../../../Engine/Content/EngineFonts/Faces/RobotoBoldItalic.uasset" 249
"../../../Engine/Content/EngineFonts/Faces/RobotoBoldItalic.uexp" 250
"../../../Engine/Content/EngineFonts/Faces/RobotoBoldItalic.ufont" 251
"../../../Engine/Content/EngineFonts/Faces/RobotoBold.uasset" 252
"../../../Engine/Content/EngineFonts/Faces/RobotoBold.uexp" 253
"../../../Engine/Content/EngineFonts/Faces/RobotoBold.ufont" 254
"../../../Engine/Content/EngineFonts/Faces/DroidSansFallback.uasset" 255
"../../../Engine/Content/EngineFonts/Faces/DroidSansFallback.uexp" 256
"../../../Engine/Content/EngineFonts/Faces/DroidSansFallback.ufont" 257
"../../../Engine/Content/EngineFonts/Roboto.uasset" 258
"../../../Engine/Content/EngineFonts/Roboto.uexp" 259
"../../../Engine/Content/EngineMaterials/BaseFlattenNormalMap.uasset" 260
"../../../Engine/Content/EngineMaterials/BaseFlattenNormalMap.uexp" 261
"../../../Engine/Content/EngineMaterials/BaseFlattenGrayscaleMap.uasset" 262
"../../../Engine/Content/EngineMaterials/BaseFlattenGrayscaleMap.uexp" 263
"../../../Engine/Content/EngineMaterials/BaseFlattenEmissiveMap.uasset" 264
"../../../Engine/Content/EngineMaterials/BaseFlattenEmissiveMap.uexp" 265
"../../../Engine/Content/EngineMaterials/BaseFlattenDiffuseMap.uasset" 266
"../../../Engine/Content/EngineMaterials/BaseFlattenDiffuseMap.uexp" 267
"../../../Engine/Content/EngineMaterials/BaseFlattenMaterial.uasset" 268
"../../../Engine/Content/EngineMaterials/BaseFlattenMaterial.uexp" 269
"../../../Engine/Content/EngineMaterials/BlueNoise.uasset" 270
"../../../Engine/Content/EngineMaterials/BlueNoise.uexp" 271
"../../../Engine/Content/EngineMaterials/DefaultBloomKernel.uasset" 272
"../../../Engine/Content/EngineMaterials/DefaultBloomKernel.uexp" 273
"../../../Engine/Content/EngineMaterials/DefaultBokeh.uasset" 274
"../../../Engine/Content/EngineMaterials/DefaultBokeh.uexp" 275
"../../../Engine/Content/EngineMaterials/DefaultDiffuse.uasset" 276
"../../../Engine/Content/EngineMaterials/DefaultDiffuse.uexp" 277
"../../../Engine/Content/EngineMaterials/DefaultDiffuse.ubulk" 278
"../../../Engine/Content/EngineMaterials/DefaultDeferredDecalMaterial.uasset" 279
"../../../Engine/Content/EngineMaterials/DefaultDeferredDecalMaterial.uexp" 280
"../../../Engine/Content/EngineMaterials/DefaultLightFunctionMaterial.uasset" 281
"../../../Engine/Content/EngineMaterials/DefaultLightFunctionMaterial.uexp" 282
"../../../Engine/Content/EngineMaterials/DefaultPhysicalMaterial.uasset" 283
"../../../Engine/Content/EngineMaterials/DefaultPhysicalMaterial.uexp" 284
"../../../Engine/Content/Functions/Engine_MaterialFunctions02/Utility/BreakOutFloat2Components.uasset" 285
"../../../Engine/Content/Functions/Engine_MaterialFunctions02/Utility/BreakOutFloat2Components.uexp" 286
"../../../Engine/Content/EngineMaterials/DefaultPostProcessMaterial.uasset" 287
"../../../Engine/Content/EngineMaterials/DefaultPostProcessMaterial.uexp" 288
"../../../Engine/Content/EngineFonts/RobotoDistanceField.uasset" 289
"../../../Engine/Content/EngineFonts/RobotoDistanceField.uexp" 290
"../../../Engine/Content/EngineMaterials/DefaultTextMaterialOpaque.uasset" 291
"../../../Engine/Content/EngineMaterials/DefaultTextMaterialOpaque.uexp" 292
"../../../Engine/Content/EngineMaterials/DefaultWhiteGrid.uasset" 293
"../../../Engine/Content/EngineMaterials/DefaultWhiteGrid.uexp" 294
"../../../Engine/Content/EngineMaterials/DefaultWhiteGrid.ubulk" 295
"../../../Engine/Content/EngineMaterials/DefaultWhiteGrid_Low.uasset" 296
"../../../Engine/Content/EngineMaterials/DefaultWhiteGrid_Low.uexp" 297
"../../../Engine/Content/EngineMaterials/EmissiveMeshMaterial.uasset" 298
"../../../Engine/Content/EngineMaterials/EmissiveMeshMaterial.uexp" 299
"../../../Engine/Content/EngineMaterials/GizmoMaterial.uasset" 300
"../../../Engine/Content/EngineMaterials/GizmoMaterial.uexp" 301
"../../../Engine/Content/EngineMaterials/Good64x64TilingNoiseHighFreq.uasset" 302
"../../../Engine/Content/EngineMaterials/Good64x64TilingNoiseHighFreq.uexp" 303
"../../../Engine/Content/EngineMaterials/MiniFont.uasset" 304
"../../../Engine/Content/EngineMaterials/MiniFont.uexp" 305
"../../../Engine/Content/EngineMaterials/InvalidLightmapSettings.uasset" 306
"../../../Engine/Content/EngineMaterials/InvalidLightmapSettings.uexp" 307
"../../../Engine/Content/EngineMaterials/InvalidLightmapSettings.ubulk" 308
"../../../Engine/Content/EngineMaterials/M_InvalidLightmapSettings.uasset" 309
"../../../Engine/Content/EngineMaterials/M_InvalidLightmapSettings.uexp" 310
"../../../Engine/Content/Functions/Engine_MaterialFunctions02/WorldPositionOffset/CameraOffset.uasset" 311
"../../../Engine/Content/Functions/Engine_MaterialFunctions02/WorldPositionOffset/CameraOffset.uexp" 312
"../../../Engine/Content/EngineMaterials/PhAT_JointLimitMaterial.uasset" 313
"../../../Engine/Content/EngineMaterials/PhAT_JointLimitMaterial.uexp" 314
"../../../Engine/Content/EngineMaterials/DefaultCalibrationColor.uasset" 315
"../../../Engine/Content/EngineMaterials/DefaultCalibrationColor.uexp" 316
"../../../Engine/Content/EngineMaterials/PPM_DefaultCalibrationColor.uasset" 317
"../../../Engine/Content/EngineMaterials/PPM_DefaultCalibrationColor.uexp" 318
"../../../Engine/Content/EngineMaterials/DefaultCalibrationGrayscale.uasset" 319
"../../../Engine/Content/EngineMaterials/DefaultCalibrationGrayscale.uexp" 320
"../../../Engine/Content/EngineMaterials/PPM_DefaultCalibrationGrayscale.uasset" 321
"../../../Engine/Content/EngineMaterials/PPM_DefaultCalibrationGrayscale.uexp" 322
"../../../Engine/Content/EngineMaterials/PreintegratedSkinBRDF.uasset" 323
"../../../Engine/Content/EngineMaterials/PreintegratedSkinBRDF.uexp" 324
"../../../Engine/Content/EngineMaterials/RemoveSurfaceMaterial.uasset" 325
"../../../Engine/Content/EngineMaterials/RemoveSurfaceMaterial.uexp" 326
"../../../Engine/Content/EngineMaterials/WeightMapPlaceholderTexture.uasset" 327
"../../../Engine/Content/EngineMaterials/WeightMapPlaceholderTexture.uexp" 328
"../../../Engine/Content/EngineResources/WhiteSquareTexture.uasset" 329
"../../../Engine/Content/EngineResources/WhiteSquareTexture.uexp" 330
"../../../Engine/Content/EngineMaterials/Widget3DPassThrough.uasset" 331
"../../../Engine/Content/EngineMaterials/Widget3DPassThrough.uexp" 332
"../../../Engine/Content/EngineMaterials/Widget3DPassThrough_Masked.uasset" 333
"../../../Engine/Content/EngineMaterials/Widget3DPassThrough_Masked.uexp" 334
"../../../Engine/Content/EngineMaterials/Widget3DPassThrough_Opaque.uasset" 335
"../../../Engine/Content/EngineMaterials/Widget3DPassThrough_Opaque.uexp" 336
"../../../Engine/Content/EngineMaterials/Widget3DPassThrough_Masked_OneSided.uasset" 337
"../../../Engine/Content/EngineMaterials/Widget3DPassThrough_Masked_OneSided.uexp" 338
"../../../Engine/Content/EngineMaterials/Widget3DPassThrough_Opaque_OneSided.uasset" 339
"../../../Engine/Content/EngineMaterials/Widget3DPassThrough_Opaque_OneSided.uexp" 340
"../../../Engine/Content/EngineMaterials/Widget3DPassThrough_Translucent.uasset" 341
"../../../Engine/Content/EngineMaterials/Widget3DPassThrough_Translucent.uexp" 342
"../../../Engine/Content/EngineMaterials/Widget3DPassThrough_Translucent_OneSided.uasset" 343
"../../../Engine/Content/EngineMaterials/Widget3DPassThrough_Translucent_OneSided.uexp" 344
"../../../Engine/Content/EngineMeshes/Cylinder.uasset" 345
"../../../Engine/Content/EngineMeshes/Cylinder.uexp" 346
"../../../Engine/Content/EngineMeshes/Sphere.uasset" 347
"../../../Engine/Content/EngineMeshes/Sphere.uexp" 348
"../../../Engine/Content/EngineResources/DefaultTexture.uasset" 349
"../../../Engine/Content/EngineResources/DefaultTexture.uexp" 350
"../../../Engine/Content/EngineResources/DefaultTexture.ubulk" 351
"../../../Engine/Content/EngineResources/DefaultTextureCube.uasset" 352
"../../../Engine/Content/EngineResources/DefaultTextureCube.uexp" 353
"../../../Engine/Content/EngineResources/DefaultVolumeTexture2D.uasset" 354
"../../../Engine/Content/EngineResources/DefaultVolumeTexture2D.uexp" 355
"../../../Engine/Content/EngineResources/DefaultVolumeTexture.uasset" 356
"../../../Engine/Content/EngineResources/DefaultVolumeTexture.uexp" 357
"../../../Engine/Content/EngineResources/GradientTexture0.uasset" 358
"../../../Engine/Content/EngineResources/GradientTexture0.uexp" 359
"../../../Engine/Content/EngineSky/VolumetricClouds/T_NoiseShape64.uasset" 360
"../../../Engine/Content/EngineSky/VolumetricClouds/T_NoiseShape64.uexp" 361
"../../../Engine/Content/EngineSky/VolumetricClouds/T_NoiseShape64.ubulk" 362
"../../../Engine/Content/EngineSky/VolumetricClouds/T_VolumeNoiseShape64.uasset" 363
"../../../Engine/Content/EngineSky/VolumetricClouds/T_VolumeNoiseShape64.uexp" 364
"../../../Engine/Content/EngineSky/VolumetricClouds/T_NoiseErosion.uasset" 365
"../../../Engine/Content/EngineSky/VolumetricClouds/T_NoiseErosion.uexp" 366
"../../../Engine/Content/EngineSky/VolumetricClouds/T_NoiseErosion.ubulk" 367
"../../../Engine/Content/EngineSky/VolumetricClouds/T_VolumeNoiseErosion32.uasset" 368
"../../../Engine/Content/EngineSky/VolumetricClouds/T_VolumeNoiseErosion32.uexp" 369
"../../../Engine/Content/EngineSky/VolumetricClouds/CloudWeatherTexture.uasset" 370
"../../../Engine/Content/EngineSky/VolumetricClouds/CloudWeatherTexture.uexp" 371
"../../../Engine/Content/EngineSky/VolumetricClouds/CloudGradientTexture.uasset" 372
"../../../Engine/Content/EngineSky/VolumetricClouds/CloudGradientTexture.uexp" 373
"../../../Engine/Content/Functions/Engine_MaterialFunctions02/Utility/MakeFloat2.uasset" 374
"../../../Engine/Content/Functions/Engine_MaterialFunctions02/Utility/MakeFloat2.uexp" 375
"../../../Engine/Content/EngineSky/VolumetricClouds/m_SimpleVolumetricCloud.uasset" 376
"../../../Engine/Content/EngineSky/VolumetricClouds/m_SimpleVolumetricCloud.uexp" 377
"../../../Engine/Content/EngineSky/VolumetricClouds/m_SimpleVolumetricCloud_Inst.uasset" 378
"../../../Engine/Content/EngineSky/VolumetricClouds/m_SimpleVolumetricCloud_Inst.uexp" 379
"../../../Engine/Content/EngineSounds/Master.uasset" 380
"../../../Engine/Content/EngineSounds/Master.uexp" 381
"../../../Engine/Content/Functions/Engine_MaterialFunctions01/Shading/PowerToRoughness.uasset" 382
"../../../Engine/Content/Functions/Engine_MaterialFunctions01/Shading/PowerToRoughness.uexp" 383
"../../../Engine/Content/Maps/Templates/Thumbnails/Default.uasset" 384
"../../../Engine/Content/Maps/Templates/Thumbnails/Default.uexp" 385
"../../../Engine/Content/Maps/Templates/Thumbnails/TimeOfDay.uasset" 386
"../../../Engine/Content/Maps/Templates/Thumbnails/TimeOfDay.uexp" 387
"../../../Engine/Content/Maps/Templates/Thumbnails/VR-Basic.uasset" 388
"../../../Engine/Content/Maps/Templates/Thumbnails/VR-Basic.uexp" 389
"../../../Engine/Content/MobileResources/T_MobileControls_texture.uasset" 390
"../../../Engine/Content/MobileResources/T_MobileControls_texture.uexp" 391
"../../../Engine/Content/MobileResources/T_MobileMenu2.uasset" 392
"../../../Engine/Content/MobileResources/T_MobileMenu2.uexp" 393
"../../../Engine/Content/MobileResources/HUD/AnalogHat.uasset" 394
"../../../Engine/Content/MobileResources/HUD/AnalogHat.uexp" 395
"../../../Engine/Content/MobileResources/HUD/VirtualJoystick_Thumb.uasset" 396
"../../../Engine/Content/MobileResources/HUD/VirtualJoystick_Thumb.uexp" 397
"../../../Engine/Content/MobileResources/HUD/VirtualJoystick_Background.uasset" 398
"../../../Engine/Content/MobileResources/HUD/VirtualJoystick_Background.uexp" 399
"../../../Engine/Content/MobileResources/HUD/DefaultVirtualJoysticks.uasset" 400
"../../../Engine/Content/MobileResources/HUD/DefaultVirtualJoysticks.uexp" 401
"../../../Engine/Content/MobileResources/HUD/LeftVirtualJoystickOnly.uasset" 402
"../../../Engine/Content/MobileResources/HUD/LeftVirtualJoystickOnly.uexp" 403
"../../../Engine/Content/MobileResources/HUD/MobileHUDButton1_off.uasset" 404
"../../../Engine/Content/MobileResources/HUD/MobileHUDButton1_off.uexp" 405
"../../../Engine/Content/MobileResources/HUD/MobileHUDButton1_on.uasset" 406
"../../../Engine/Content/MobileResources/HUD/MobileHUDButton1_on.uexp" 407
"../../../Engine/Content/MobileResources/HUD/MobileHUDButton2_off.uasset" 408
"../../../Engine/Content/MobileResources/HUD/MobileHUDButton2_off.uexp" 409
"../../../Engine/Content/MobileResources/HUD/MobileHUDButton2_on.uasset" 410
"../../../Engine/Content/MobileResources/HUD/MobileHUDButton2_on.uexp" 411
"../../../Engine/Content/MobileResources/HUD/MobileHUDButton3.uasset" 412
"../../../Engine/Content/MobileResources/HUD/MobileHUDButton3.uexp" 413
"../../../Engine/Content/MobileResources/HUD/MobileHUDButtonFire.uasset" 414
"../../../Engine/Content/MobileResources/HUD/MobileHUDButtonFire.uexp" 415
"../../../Engine/Content/MobileResources/HUD/MobileHUDDirectionPad.uasset" 416
"../../../Engine/Content/MobileResources/HUD/MobileHUDDirectionPad.uexp" 417
"../../../Engine/Content/MobileResources/HUD/MobileHUDDirectionPad2.uasset" 418
"../../../Engine/Content/MobileResources/HUD/MobileHUDDirectionPad2.uexp" 419
"../../../Engine/Content/MobileResources/HUD/MobileHUDDirectionPad3.uasset" 420
"../../../Engine/Content/MobileResources/HUD/MobileHUDDirectionPad3.uexp" 421
"../../../Engine/Content/MobileResources/HUD/MobileHUDDirectionStick.uasset" 422
"../../../Engine/Content/MobileResources/HUD/MobileHUDDirectionStick.uexp" 423
"../../../Engine/Content/MobileResources/HUD/T_Castle_ThumbstickInner.uasset" 424
"../../../Engine/Content/MobileResources/HUD/T_Castle_ThumbstickInner.uexp" 425
"../../../Engine/Content/MobileResources/HUD/T_Castle_ThumbstickOutter.uasset" 426
"../../../Engine/Content/MobileResources/HUD/T_Castle_ThumbstickOutter.uexp" 427
"../../../Engine/Content/Tutorial/ContentIntroCurve.uasset" 428
"../../../Engine/Content/Tutorial/ContentIntroCurve.uexp" 429
"../../../Engine/Content/Tutorial/Basics/TutorialAssets/icon_tab_Levels_40x.uasset" 430
"../../../Engine/Content/Tutorial/Basics/TutorialAssets/icon_tab_Levels_40x.uexp" 431
"../../../Engine/Content/Tutorial/BlueprintTutorials/TutorialAssets/Blueprint_64x.uasset" 432
"../../../Engine/Content/Tutorial/BlueprintTutorials/TutorialAssets/Blueprint_64x.uexp" 433
"../../../Engine/Content/VREditor/TransformGizmo/TranslucentTransformGizmoMaterial.uasset" 434
"../../../Engine/Content/VREditor/TransformGizmo/TranslucentTransformGizmoMaterial.uexp" 435
"../../../Engine/Content/VREditor/LaserPointer/VR_LaserPower_01.uasset" 436
"../../../Engine/Content/VREditor/LaserPointer/VR_LaserPower_01.uexp" 437
"../../../Engine/Content/VREditor/LaserPointer/VR_LaserPower_01.ubulk" 438
"../../../Engine/Content/VREditor/TransformGizmo/TransformGizmoMaterial.uasset" 439
"../../../Engine/Content/VREditor/TransformGizmo/TransformGizmoMaterial.uexp" 440
"../../../Engine/Content/VREditor/TransformGizmo/BoundingBoxCorner.uasset" 441
"../../../Engine/Content/VREditor/TransformGizmo/BoundingBoxCorner.uexp" 442
"../../../Engine/Content/VREditor/TransformGizmo/BoundingBoxEdge.uasset" 443
"../../../Engine/Content/VREditor/TransformGizmo/BoundingBoxEdge.uexp" 444
"../../../Engine/Content/VREditor/TransformGizmo/PlaneTranslationHandle.uasset" 445
"../../../Engine/Content/VREditor/TransformGizmo/PlaneTranslationHandle.uexp" 446
"../../../Engine/Content/VREditor/TransformGizmo/Xray.uasset" 447
"../../../Engine/Content/VREditor/TransformGizmo/Xray.uexp" 448
"../../../Engine/Content/VREditor/TransformGizmo/Main.uasset" 449
"../../../Engine/Content/VREditor/TransformGizmo/Main.uexp" 450
"../../../Engine/Content/VREditor/TransformGizmo/SM_Sequencer_Key.uasset" 451
"../../../Engine/Content/VREditor/TransformGizmo/SM_Sequencer_Key.uexp" 452
"../../../Engine/Content/VREditor/TransformGizmo/SM_Sequencer_Node.uasset" 453
"../../../Engine/Content/VREditor/TransformGizmo/SM_Sequencer_Node.uexp" 454
"../../../Engine/Plugins/2D/Paper2D/Content/PlaceholderTextures/DummySpriteTexture.uasset" 455
"../../../Engine/Plugins/2D/Paper2D/Content/PlaceholderTextures/DummySpriteTexture.uexp" 456
"../../../Engine/Plugins/2D/Paper2D/Content/PlaceholderTextures/DummySpriteTexture.ubulk" 457
"../../../Engine/Plugins/2D/Paper2D/Content/DummySprite.uasset" 458
"../../../Engine/Plugins/2D/Paper2D/Content/DummySprite.uexp" 459
"../../../Engine/Plugins/2D/Paper2D/Content/DefaultPaperTerrainMaterial.uasset" 460
"../../../Engine/Plugins/2D/Paper2D/Content/DefaultPaperTerrainMaterial.uexp" 461
"../../../Engine/Plugins/2D/Paper2D/Content/DefaultSpriteMaterial.uasset" 462
"../../../Engine/Plugins/2D/Paper2D/Content/DefaultSpriteMaterial.uexp" 463
"../../../Engine/Plugins/2D/Paper2D/Content/MaskedUnlitSpriteMaterial.uasset" 464
"../../../Engine/Plugins/2D/Paper2D/Content/MaskedUnlitSpriteMaterial.uexp" 465
"../../../Engine/Plugins/2D/Paper2D/Content/OpaqueUnlitSpriteMaterial.uasset" 466
"../../../Engine/Plugins/2D/Paper2D/Content/OpaqueUnlitSpriteMaterial.uexp" 467
"../../../Engine/Content/Functions/Engine_MaterialFunctions02/Utility/BreakOutFloat3Components.uasset" 468
"../../../Engine/Content/Functions/Engine_MaterialFunctions02/Utility/BreakOutFloat3Components.uexp" 469
"../../../Engine/Plugins/Editor/SpeedTreeImporter/Content/SpeedTree9/UnpackInteger3.uasset" 470
"../../../Engine/Plugins/Editor/SpeedTreeImporter/Content/SpeedTree9/UnpackInteger3.uexp" 471
"../../../Engine/Plugins/Editor/SpeedTreeImporter/Content/SpeedTree9/UnpackDirection.uasset" 472
"../../../Engine/Plugins/Editor/SpeedTreeImporter/Content/SpeedTree9/UnpackDirection.uexp" 473
"../../../Engine/Plugins/Editor/SpeedTreeImporter/Content/SpeedTree9/game_wind_noise.uasset" 474
"../../../Engine/Plugins/Editor/SpeedTreeImporter/Content/SpeedTree9/game_wind_noise.uexp" 475
"../../../Engine/Plugins/Editor/SpeedTreeImporter/Content/SpeedTree9/game_wind_noise.ubulk" 476
"../../../Engine/Content/Functions/Engine_MaterialFunctions02/SafeNormalize.uasset" 477
"../../../Engine/Content/Functions/Engine_MaterialFunctions02/SafeNormalize.uexp" 478
"../../../Engine/Plugins/Editor/SpeedTreeImporter/Content/SpeedTree9/SpeedTreeWindMotion.uasset" 479
"../../../Engine/Plugins/Editor/SpeedTreeImporter/Content/SpeedTree9/SpeedTreeWindMotion.uexp" 480
"../../../Engine/Plugins/Editor/SpeedTreeImporter/Content/SpeedTree9/SpeedTreeBranchMotion.uasset" 481
"../../../Engine/Plugins/Editor/SpeedTreeImporter/Content/SpeedTree9/SpeedTreeBranchMotion.uexp" 482
"../../../Engine/Content/Functions/Engine_MaterialFunctions02/ObjectLocalBounds.uasset" 483
"../../../Engine/Content/Functions/Engine_MaterialFunctions02/ObjectLocalBounds.uexp" 484
"../../../Engine/Content/Functions/Engine_MaterialFunctions02/UVs/BoundingBoxBased_0-1_UVW.uasset" 485
"../../../Engine/Content/Functions/Engine_MaterialFunctions02/UVs/BoundingBoxBased_0-1_UVW.uexp" 486
"../../../Engine/Content/Functions/Engine_MaterialFunctions02/Utility/VectorLength.uasset" 487
"../../../Engine/Content/Functions/Engine_MaterialFunctions02/Utility/VectorLength.uexp" 488
"../../../Engine/Content/Functions/Engine_MaterialFunctions02/WorldPositionOffset/ObjectScale.uasset" 489
"../../../Engine/Content/Functions/Engine_MaterialFunctions02/WorldPositionOffset/ObjectScale.uexp" 490
"../../../Engine/Plugins/Editor/SpeedTreeImporter/Content/SpeedTree9/SpeedTreeWind.uasset" 491
"../../../Engine/Plugins/Editor/SpeedTreeImporter/Content/SpeedTree9/SpeedTreeWind.uexp" 492
"../../../Engine/Plugins/Editor/SpeedTreeImporter/Content/SpeedTree9/SpeedTreeBillboard.uasset" 493
"../../../Engine/Plugins/Editor/SpeedTreeImporter/Content/SpeedTree9/SpeedTreeBillboard.uexp" 494
"../../../Engine/Plugins/Editor/SpeedTreeImporter/Content/SpeedTree9/EmptyNormal.uasset" 495
"../../../Engine/Plugins/Editor/SpeedTreeImporter/Content/SpeedTree9/EmptyNormal.uexp" 496
"../../../Engine/Plugins/Editor/SpeedTreeImporter/Content/SpeedTree9/Empty.uasset" 497
"../../../Engine/Plugins/Editor/SpeedTreeImporter/Content/SpeedTree9/Empty.uexp" 498
"../../../Engine/Plugins/Editor/SpeedTreeImporter/Content/SpeedTree9/SpeedTreeBillboardMaster.uasset" 499
"../../../Engine/Plugins/Editor/SpeedTreeImporter/Content/SpeedTree9/SpeedTreeBillboardMaster.uexp" 500
"../../../Engine/Plugins/Editor/SpeedTreeImporter/Content/SpeedTree9/SpeedTreeCameraFacing.uasset" 501
"../../../Engine/Plugins/Editor/SpeedTreeImporter/Content/SpeedTree9/SpeedTreeCameraFacing.uexp" 502
"../../../Engine/Plugins/Editor/SpeedTreeImporter/Content/SpeedTree9/SpeedTreeMaster.uasset" 503
"../../../Engine/Plugins/Editor/SpeedTreeImporter/Content/SpeedTree9/SpeedTreeMaster.uexp" 504
"../../../Engine/Content/BasicShapes/Cylinder.uasset" 505
"../../../Engine/Content/BasicShapes/Cylinder.uexp" 506
"../../../Engine/Content/ArtTools/RenderToTexture/Materials/Debug/M_Emissive_Color.uasset" 507
"../../../Engine/Content/ArtTools/RenderToTexture/Materials/Debug/M_Emissive_Color.uexp" 508
"../../../Engine/Plugins/Lumin/MagicLeapPassableWorld/Content/MagicLeapARPinInfoActor.uasset" 509
"../../../Engine/Plugins/Lumin/MagicLeapPassableWorld/Content/MagicLeapARPinInfoActor.uexp" 510
"../../../Engine/Plugins/Runtime/OpenXR/Content/Devices/GoogleDaydream/MRTexture.uasset" 511
"../../../Engine/Plugins/Runtime/OpenXR/Content/Devices/GoogleDaydream/MRTexture.uexp" 512
"../../../Engine/Plugins/Runtime/OpenXR/Content/Devices/GoogleDaydream/MRTexture.ubulk" 513
"../../../Engine/Plugins/Runtime/OpenXR/Content/Devices/GoogleDaydream/BaseTexture.uasset" 514
"../../../Engine/Plugins/Runtime/OpenXR/Content/Devices/GoogleDaydream/BaseTexture.uexp" 515
"../../../Engine/Plugins/Runtime/OpenXR/Content/Devices/GoogleDaydream/BaseTexture.ubulk" 516
"../../../Engine/Content/EngineResources/Black.uasset" 517
"../../../Engine/Content/EngineResources/Black.uexp" 518
"../../../Engine/Plugins/Runtime/OpenXR/Content/Devices/M_XRController.uasset" 519
"../../../Engine/Plugins/Runtime/OpenXR/Content/Devices/M_XRController.uexp" 520
"../../../Engine/Plugins/Runtime/OpenXR/Content/Devices/GoogleDaydream/MI_GoogleDaydream.uasset" 521
"../../../Engine/Plugins/Runtime/OpenXR/Content/Devices/GoogleDaydream/MI_GoogleDaydream.uexp" 522
"../../../Engine/Plugins/Runtime/OpenXR/Content/Devices/GoogleDaydream/GoogleDaydreamController.uasset" 523
"../../../Engine/Plugins/Runtime/OpenXR/Content/Devices/GoogleDaydream/GoogleDaydreamController.uexp" 524
"../../../Engine/Plugins/Runtime/OpenXR/Content/Devices/HTCVive/BaseTexture.uasset" 525
"../../../Engine/Plugins/Runtime/OpenXR/Content/Devices/HTCVive/BaseTexture.uexp" 526
"../../../Engine/Plugins/Runtime/OpenXR/Content/Devices/HTCVive/BaseTexture.ubulk" 527
"../../../Engine/Plugins/Runtime/OpenXR/Content/Devices/HTCVive/MI_HTCVive.uasset" 528
"../../../Engine/Plugins/Runtime/OpenXR/Content/Devices/HTCVive/MI_HTCVive.uexp" 529
"../../../Engine/Plugins/Runtime/OpenXR/Content/Devices/HTCVive/HTCViveController.uasset" 530
"../../../Engine/Plugins/Runtime/OpenXR/Content/Devices/HTCVive/HTCViveController.uexp" 531
"../../../Engine/Plugins/Runtime/OpenXR/Content/Devices/MicrosoftMixedReality/NormalTexture.uasset" 532
"../../../Engine/Plugins/Runtime/OpenXR/Content/Devices/MicrosoftMixedReality/NormalTexture.uexp" 533
"../../../Engine/Plugins/Runtime/OpenXR/Content/Devices/MicrosoftMixedReality/NormalTexture.ubulk" 534
"../../../Engine/Plugins/Runtime/OpenXR/Content/Devices/MicrosoftMixedReality/MRTexture.uasset" 535
"../../../Engine/Plugins/Runtime/OpenXR/Content/Devices/MicrosoftMixedReality/MRTexture.uexp" 536
"../../../Engine/Plugins/Runtime/OpenXR/Content/Devices/MicrosoftMixedReality/MRTexture.ubulk" 537
"../../../Engine/Plugins/Runtime/OpenXR/Content/Devices/MicrosoftMixedReality/EmissiveTexture.uasset" 538
"../../../Engine/Plugins/Runtime/OpenXR/Content/Devices/MicrosoftMixedReality/EmissiveTexture.uexp" 539
"../../../Engine/Plugins/Runtime/OpenXR/Content/Devices/MicrosoftMixedReality/EmissiveTexture.ubulk" 540
"../../../Engine/Plugins/Runtime/OpenXR/Content/Devices/MicrosoftMixedReality/BaseTexture.uasset" 541
"../../../Engine/Plugins/Runtime/OpenXR/Content/Devices/MicrosoftMixedReality/BaseTexture.uexp" 542
"../../../Engine/Plugins/Runtime/OpenXR/Content/Devices/MicrosoftMixedReality/BaseTexture.ubulk" 543
"../../../Engine/Plugins/Runtime/OpenXR/Content/Devices/MicrosoftMixedReality/MI_MicrosoftMixedReality.uasset" 544
"../../../Engine/Plugins/Runtime/OpenXR/Content/Devices/MicrosoftMixedReality/MI_MicrosoftMixedReality.uexp" 545
"../../../Engine/Plugins/Runtime/OpenXR/Content/Devices/MicrosoftMixedReality/Left/left_MicrosoftMixedRealityController.uasset" 546
"../../../Engine/Plugins/Runtime/OpenXR/Content/Devices/MicrosoftMixedReality/Left/left_MicrosoftMixedRealityController.uexp" 547
"../../../Engine/Plugins/Runtime/OpenXR/Content/Devices/MicrosoftMixedReality/Right/right_MicrosoftMixedRealityController.uasset" 548
"../../../Engine/Plugins/Runtime/OpenXR/Content/Devices/MicrosoftMixedReality/Right/right_MicrosoftMixedRealityController.uexp" 549
"../../../Engine/Plugins/Runtime/OpenXR/Content/Devices/OculusGo/BaseTexture.uasset" 550
"../../../Engine/Plugins/Runtime/OpenXR/Content/Devices/OculusGo/BaseTexture.uexp" 551
"../../../Engine/Plugins/Runtime/OpenXR/Content/Devices/OculusGo/BaseTexture.ubulk" 552
"../../../Engine/Plugins/Runtime/OpenXR/Content/Devices/OculusGo/MI_OculusGo.uasset" 553
"../../../Engine/Plugins/Runtime/OpenXR/Content/Devices/OculusGo/MI_OculusGo.uexp" 554
"../../../Engine/Plugins/Runtime/OpenXR/Content/Devices/OculusGo/OculusGoController.uasset" 555
"../../../Engine/Plugins/Runtime/OpenXR/Content/Devices/OculusGo/OculusGoController.uexp" 556
"../../../Engine/Plugins/Runtime/OpenXR/Content/Devices/OculusTouch/MRTexture.uasset" 557
"../../../Engine/Plugins/Runtime/OpenXR/Content/Devices/OculusTouch/MRTexture.uexp" 558
"../../../Engine/Plugins/Runtime/OpenXR/Content/Devices/OculusTouch/MRTexture.ubulk" 559
"../../../Engine/Plugins/Runtime/OpenXR/Content/Devices/OculusTouch/BaseTexture.uasset" 560
"../../../Engine/Plugins/Runtime/OpenXR/Content/Devices/OculusTouch/BaseTexture.uexp" 561
"../../../Engine/Plugins/Runtime/OpenXR/Content/Devices/OculusTouch/BaseTexture.ubulk" 562
"../../../Engine/Plugins/Runtime/OpenXR/Content/Devices/OculusTouch/MI_OculusTouch.uasset" 563
"../../../Engine/Plugins/Runtime/OpenXR/Content/Devices/OculusTouch/MI_OculusTouch.uexp" 564
"../../../Engine/Plugins/Runtime/OpenXR/Content/Devices/OculusTouch/Left/left_OculusTouchController.uasset" 565
"../../../Engine/Plugins/Runtime/OpenXR/Content/Devices/OculusTouch/Left/left_OculusTouchController.uexp" 566
"../../../Engine/Plugins/Runtime/OpenXR/Content/Devices/OculusTouch/Right/right_OculusTouchController.uasset" 567
"../../../Engine/Plugins/Runtime/OpenXR/Content/Devices/OculusTouch/Right/right_OculusTouchController.uexp" 568
"../../../Engine/Plugins/Runtime/OpenXR/Content/Devices/OculusTouch_v2/MRTexture.uasset" 569
"../../../Engine/Plugins/Runtime/OpenXR/Content/Devices/OculusTouch_v2/MRTexture.uexp" 570
"../../../Engine/Plugins/Runtime/OpenXR/Content/Devices/OculusTouch_v2/MRTexture.ubulk" 571
"../../../Engine/Plugins/Runtime/OpenXR/Content/Devices/OculusTouch_v2/BaseTexture.uasset" 572
"../../../Engine/Plugins/Runtime/OpenXR/Content/Devices/OculusTouch_v2/BaseTexture.uexp" 573
"../../../Engine/Plugins/Runtime/OpenXR/Content/Devices/OculusTouch_v2/BaseTexture.ubulk" 574
"../../../Engine/Plugins/Runtime/OpenXR/Content/Devices/OculusTouch_v2/MI_OculusTouch_v2.uasset" 575
"../../../Engine/Plugins/Runtime/OpenXR/Content/Devices/OculusTouch_v2/MI_OculusTouch_v2.uexp" 576
"../../../Engine/Plugins/Runtime/OpenXR/Content/Devices/OculusTouch_v2/Left/left_OculusTouch_v2Controller.uasset" 577
"../../../Engine/Plugins/Runtime/OpenXR/Content/Devices/OculusTouch_v2/Left/left_OculusTouch_v2Controller.uexp" 578
"../../../Engine/Plugins/Runtime/OpenXR/Content/Devices/OculusTouch_v2/Right/right_OculusTouch_v2Controller.uasset" 579
"../../../Engine/Plugins/Runtime/OpenXR/Content/Devices/OculusTouch_v2/Right/right_OculusTouch_v2Controller.uexp" 580
"../../../Engine/Plugins/Runtime/OpenXR/Content/Devices/OculusTouch_v3/MRTexture.uasset" 581
"../../../Engine/Plugins/Runtime/OpenXR/Content/Devices/OculusTouch_v3/MRTexture.uexp" 582
"../../../Engine/Plugins/Runtime/OpenXR/Content/Devices/OculusTouch_v3/MRTexture.ubulk" 583
"../../../Engine/Plugins/Runtime/OpenXR/Content/Devices/OculusTouch_v3/BaseTexture.uasset" 584
"../../../Engine/Plugins/Runtime/OpenXR/Content/Devices/OculusTouch_v3/BaseTexture.uexp" 585
"../../../Engine/Plugins/Runtime/OpenXR/Content/Devices/OculusTouch_v3/BaseTexture.ubulk" 586
"../../../Engine/Plugins/Runtime/OpenXR/Content/Devices/OculusTouch_v3/MI_OculusTouch_v3.uasset" 587
"../../../Engine/Plugins/Runtime/OpenXR/Content/Devices/OculusTouch_v3/MI_OculusTouch_v3.uexp" 588
"../../../Engine/Plugins/Runtime/OpenXR/Content/Devices/OculusTouch_v3/Left/left_OculusTouch_v3Controller.uasset" 589
"../../../Engine/Plugins/Runtime/OpenXR/Content/Devices/OculusTouch_v3/Left/left_OculusTouch_v3Controller.uexp" 590
"../../../Engine/Plugins/Runtime/OpenXR/Content/Devices/OculusTouch_v3/Right/right_OculusTouch_v3Controller.uasset" 591
"../../../Engine/Plugins/Runtime/OpenXR/Content/Devices/OculusTouch_v3/Right/right_OculusTouch_v3Controller.uexp" 592
"../../../Engine/Plugins/Runtime/OpenXR/Content/Devices/ValveIndex/MRTexture.uasset" 593
"../../../Engine/Plugins/Runtime/OpenXR/Content/Devices/ValveIndex/MRTexture.uexp" 594
"../../../Engine/Plugins/Runtime/OpenXR/Content/Devices/ValveIndex/MRTexture.ubulk" 595
"../../../Engine/Plugins/Runtime/OpenXR/Content/Devices/ValveIndex/BaseTexture.uasset" 596
"../../../Engine/Plugins/Runtime/OpenXR/Content/Devices/ValveIndex/BaseTexture.uexp" 597
"../../../Engine/Plugins/Runtime/OpenXR/Content/Devices/ValveIndex/BaseTexture.ubulk" 598
"../../../Engine/Plugins/Runtime/OpenXR/Content/Devices/ValveIndex/Left/MI_left_ValveIndex.uasset" 599
"../../../Engine/Plugins/Runtime/OpenXR/Content/Devices/ValveIndex/Left/MI_left_ValveIndex.uexp" 600
"../../../Engine/Plugins/Runtime/OpenXR/Content/Devices/ValveIndex/Left/left_ValveIndexController.uasset" 601
"../../../Engine/Plugins/Runtime/OpenXR/Content/Devices/ValveIndex/Left/left_ValveIndexController.uexp" 602
"../../../Engine/Plugins/Runtime/OpenXR/Content/Devices/ValveIndex/Right/MI_right_ValveIndex.uasset" 603
"../../../Engine/Plugins/Runtime/OpenXR/Content/Devices/ValveIndex/Right/MI_right_ValveIndex.uexp" 604
"../../../Engine/Plugins/Runtime/OpenXR/Content/Devices/ValveIndex/Right/right_ValveIndexController.uasset" 605
"../../../Engine/Plugins/Runtime/OpenXR/Content/Devices/ValveIndex/Right/right_ValveIndexController.uexp" 606
"../../../Engine/Content/Functions/Engine_MaterialFunctions02/Utility/BreakOutFloat4Components.uasset" 607
"../../../Engine/Content/Functions/Engine_MaterialFunctions02/Utility/BreakOutFloat4Components.uexp" 608
"../../../Engine/Content/Functions/Engine_MaterialFunctions02/Utility/MakeFloat3.uasset" 609
"../../../Engine/Content/Functions/Engine_MaterialFunctions02/Utility/MakeFloat3.uexp" 610
"../../../Engine/Plugins/Runtime/Oculus/OculusVR/Content/Materials/OculusMR_ChromaKey.uasset" 611
"../../../Engine/Plugins/Runtime/Oculus/OculusVR/Content/Materials/OculusMR_ChromaKey.uexp" 612
"../../../Engine/Plugins/Runtime/Oculus/OculusVR/Content/Materials/OculusMR_OpaqueColoredMaterial.uasset" 613
"../../../Engine/Plugins/Runtime/Oculus/OculusVR/Content/Materials/OculusMR_OpaqueColoredMaterial.uexp" 614
"../../../Engine/Plugins/Runtime/Oculus/OculusVR/Content/Materials/PokeAHoleMaterial.uasset" 615
"../../../Engine/Plugins/Runtime/Oculus/OculusVR/Content/Materials/PokeAHoleMaterial.uexp" 616
"../../../Engine/Plugins/Runtime/Oculus/OculusVR/Content/Textures/touchController_controlmap.uasset" 617
"../../../Engine/Plugins/Runtime/Oculus/OculusVR/Content/Textures/touchController_controlmap.uexp" 618
"../../../Engine/Plugins/Runtime/Oculus/OculusVR/Content/Textures/touchController_controlmap.ubulk" 619
"../../../Engine/Plugins/Runtime/Oculus/OculusVR/Content/Textures/touchController_albedo.uasset" 620
"../../../Engine/Plugins/Runtime/Oculus/OculusVR/Content/Textures/touchController_albedo.uexp" 621
"../../../Engine/Plugins/Runtime/Oculus/OculusVR/Content/Textures/touchController_albedo.ubulk" 622
"../../../Engine/Plugins/Runtime/Oculus/OculusVR/Content/Materials/touchController_mat.uasset" 623
"../../../Engine/Plugins/Runtime/Oculus/OculusVR/Content/Materials/touchController_mat.uexp" 624
"../../../Engine/Plugins/Runtime/Oculus/OculusVR/Content/Meshes/LeftTouchController.uasset" 625
"../../../Engine/Plugins/Runtime/Oculus/OculusVR/Content/Meshes/LeftTouchController.uexp" 626
"../../../Engine/Plugins/Runtime/Oculus/OculusVR/Content/Textures/TouchForQuestRiftSController_albedo.uasset" 627
"../../../Engine/Plugins/Runtime/Oculus/OculusVR/Content/Textures/TouchForQuestRiftSController_albedo.uexp" 628
"../../../Engine/Plugins/Runtime/Oculus/OculusVR/Content/Textures/TouchForQuestRiftSController_albedo.ubulk" 629
"../../../Engine/Plugins/Runtime/Oculus/OculusVR/Content/Materials/TouchForQuestRiftSControllerMaterial.uasset" 630
"../../../Engine/Plugins/Runtime/Oculus/OculusVR/Content/Materials/TouchForQuestRiftSControllerMaterial.uexp" 631
"../../../Engine/Plugins/Runtime/Oculus/OculusVR/Content/Meshes/LeftTouchForQuestRiftSController.uasset" 632
"../../../Engine/Plugins/Runtime/Oculus/OculusVR/Content/Meshes/LeftTouchForQuestRiftSController.uexp" 633
"../../../Engine/Plugins/Runtime/Oculus/OculusVR/Content/Meshes/RiftHMD.uasset" 634
"../../../Engine/Plugins/Runtime/Oculus/OculusVR/Content/Meshes/RiftHMD.uexp" 635
"../../../Engine/Plugins/Runtime/Oculus/OculusVR/Content/Meshes/RightTouchController.uasset" 636
"../../../Engine/Plugins/Runtime/Oculus/OculusVR/Content/Meshes/RightTouchController.uexp" 637
"../../../Engine/Plugins/Runtime/Oculus/OculusVR/Content/Meshes/RightTouchForQuestRiftSController.uasset" 638
"../../../Engine/Plugins/Runtime/Oculus/OculusVR/Content/Meshes/RightTouchForQuestRiftSController.uexp" 639
"../../../Engine/Content/EngineSky/T_Sky_Stars.uasset" 640
"../../../Engine/Content/EngineSky/T_Sky_Stars.uexp" 641
"../../../Engine/Content/EngineSky/T_Sky_Stars.ubulk" 642
"../../../Engine/Content/EngineSky/T_Sky_Clouds_M.uasset" 643
"../../../Engine/Content/EngineSky/T_Sky_Clouds_M.uexp" 644
"../../../Engine/Content/EngineSky/T_Sky_Clouds_M.ubulk" 645
"../../../Engine/Content/EngineSky/T_Sky_Blue.uasset" 646
"../../../Engine/Content/EngineSky/T_Sky_Blue.uexp" 647
"../../../Engine/Content/EngineSky/T_Sky_Blue.ubulk" 648
"../../../Engine/Content/EngineSky/M_Sky_Panning_Clouds2.uasset" 649
"../../../Engine/Content/EngineSky/M_Sky_Panning_Clouds2.uexp" 650
"C:/Users/N007va/Documents/Unreal Projects/Release Game/DP_WV_Arkanoid/Content/TopDownBP/Maps/TopDownExampleMap_BuiltData.uasset" 651
"C:/Users/N007va/Documents/Unreal Projects/Release Game/DP_WV_Arkanoid/Content/TopDownBP/Maps/TopDownExampleMap_BuiltData.uexp" 652
"C:/Users/N007va/Documents/Unreal Projects/Release Game/DP_WV_Arkanoid/Content/TopDownBP/Maps/TopDownExampleMap_BuiltData.ubulk" 653
"../../../Engine/Content/EngineSky/SM_SkySphere.uasset" 654
"../../../Engine/Content/EngineSky/SM_SkySphere.uexp" 655
"../../../Engine/Content/EngineSky/C_Sky_Zenith_Color.uasset" 656
"../../../Engine/Content/EngineSky/C_Sky_Zenith_Color.uexp" 657
"../../../Engine/Content/EngineSky/C_Sky_Horizon_Color.uasset" 658
"../../../Engine/Content/EngineSky/C_Sky_Horizon_Color.uexp" 659
"../../../Engine/Content/EngineSky/C_Sky_Cloud_Color.uasset" 660
"../../../Engine/Content/EngineSky/C_Sky_Cloud_Color.uexp" 661
"../../../Engine/Content/EngineSky/BP_Sky_Sphere.uasset" 662
"../../../Engine/Content/EngineSky/BP_Sky_Sphere.uexp" 663
"C:/Users/N007va/Documents/Unreal Projects/Release Game/DP_WV_Arkanoid/Content/TopDownBP/Materials/White.uasset" 664
"C:/Users/N007va/Documents/Unreal Projects/Release Game/DP_WV_Arkanoid/Content/TopDownBP/Materials/White.uexp" 665
"C:/Users/N007va/Documents/Unreal Projects/Release Game/DP_WV_Arkanoid/Content/TopDownBP/Materials/White_Mat.uasset" 666
"C:/Users/N007va/Documents/Unreal Projects/Release Game/DP_WV_Arkanoid/Content/TopDownBP/Materials/White_Mat.uexp" 667
"C:/Users/N007va/Documents/Unreal Projects/Release Game/DP_WV_Arkanoid/Content/TopDownBP/Materials/Green.uasset" 668
"C:/Users/N007va/Documents/Unreal Projects/Release Game/DP_WV_Arkanoid/Content/TopDownBP/Materials/Green.uexp" 669
"C:/Users/N007va/Documents/Unreal Projects/Release Game/DP_WV_Arkanoid/Content/TopDownBP/Materials/Green_Mat.uasset" 670
"C:/Users/N007va/Documents/Unreal Projects/Release Game/DP_WV_Arkanoid/Content/TopDownBP/Materials/Green_Mat.uexp" 671
"../../../Engine/Content/BasicShapes/Cube.uasset" 672
"../../../Engine/Content/BasicShapes/Cube.uexp" 673
"C:/Users/N007va/Documents/Unreal Projects/Release Game/DP_WV_Arkanoid/Content/TopDownBP/Materials/Orange.uasset" 674
"C:/Users/N007va/Documents/Unreal Projects/Release Game/DP_WV_Arkanoid/Content/TopDownBP/Materials/Orange.uexp" 675
"C:/Users/N007va/Documents/Unreal Projects/Release Game/DP_WV_Arkanoid/Content/TopDownBP/Materials/Orange_Mat.uasset" 676
"C:/Users/N007va/Documents/Unreal Projects/Release Game/DP_WV_Arkanoid/Content/TopDownBP/Materials/Orange_Mat.uexp" 677
"C:/Users/N007va/Documents/Unreal Projects/Release Game/DP_WV_Arkanoid/Content/TopDownBP/BP_Bonus.uasset" 678
"C:/Users/N007va/Documents/Unreal Projects/Release Game/DP_WV_Arkanoid/Content/TopDownBP/BP_Bonus.uexp" 679
"C:/Users/N007va/Documents/Unreal Projects/Release Game/DP_WV_Arkanoid/Content/TopDownBP/BP_Bonus_Child_Health.uasset" 680
"C:/Users/N007va/Documents/Unreal Projects/Release Game/DP_WV_Arkanoid/Content/TopDownBP/BP_Bonus_Child_Health.uexp" 681
"C:/Users/N007va/Documents/Unreal Projects/Release Game/DP_WV_Arkanoid/Content/TopDownBP/Materials/Brown.uasset" 682
"C:/Users/N007va/Documents/Unreal Projects/Release Game/DP_WV_Arkanoid/Content/TopDownBP/Materials/Brown.uexp" 683
"C:/Users/N007va/Documents/Unreal Projects/Release Game/DP_WV_Arkanoid/Content/TopDownBP/Materials/Brown_Mat.uasset" 684
"C:/Users/N007va/Documents/Unreal Projects/Release Game/DP_WV_Arkanoid/Content/TopDownBP/Materials/Brown_Mat.uexp" 685
"C:/Users/N007va/Documents/Unreal Projects/Release Game/DP_WV_Arkanoid/Content/TopDownBP/BP_Bonus_Child_BigPawn.uasset" 686
"C:/Users/N007va/Documents/Unreal Projects/Release Game/DP_WV_Arkanoid/Content/TopDownBP/BP_Bonus_Child_BigPawn.uexp" 687
"../../../Engine/Content/BasicShapes/Sphere.uasset" 688
"../../../Engine/Content/BasicShapes/Sphere.uexp" 689
"C:/Users/N007va/Documents/Unreal Projects/Release Game/DP_WV_Arkanoid/Content/TopDownBP/BP_Bonus_Ball.uasset" 690
"C:/Users/N007va/Documents/Unreal Projects/Release Game/DP_WV_Arkanoid/Content/TopDownBP/BP_Bonus_Ball.uexp" 691
"../../../Engine/Content/BasicShapes/BasicShapeMaterial.uasset" 692
"../../../Engine/Content/BasicShapes/BasicShapeMaterial.uexp" 693
"C:/Users/N007va/Documents/Unreal Projects/Release Game/DP_WV_Arkanoid/Content/TopDownBP/BP_BAll.uasset" 694
"C:/Users/N007va/Documents/Unreal Projects/Release Game/DP_WV_Arkanoid/Content/TopDownBP/BP_BAll.uexp" 695
"C:/Users/N007va/Documents/Unreal Projects/Release Game/DP_WV_Arkanoid/Content/TopDownBP/BP_Pawn.uasset" 696
"C:/Users/N007va/Documents/Unreal Projects/Release Game/DP_WV_Arkanoid/Content/TopDownBP/BP_Pawn.uexp" 697
"C:/Users/N007va/Documents/Unreal Projects/Release Game/DP_WV_Arkanoid/Content/TopDownBP/EBlockType.uasset" 698
"C:/Users/N007va/Documents/Unreal Projects/Release Game/DP_WV_Arkanoid/Content/TopDownBP/EBlockType.uexp" 699
"C:/Users/N007va/Documents/Unreal Projects/Release Game/DP_WV_Arkanoid/Content/TopDownBP/BP_BlockChange_Color.uasset" 700
"C:/Users/N007va/Documents/Unreal Projects/Release Game/DP_WV_Arkanoid/Content/TopDownBP/BP_BlockChange_Color.uexp" 701
"C:/Users/N007va/Documents/Unreal Projects/Release Game/DP_WV_Arkanoid/Content/TopDownBP/BP_BlockGenerator.uasset" 702
"C:/Users/N007va/Documents/Unreal Projects/Release Game/DP_WV_Arkanoid/Content/TopDownBP/BP_BlockGenerator.uexp" 703
"C:/Users/N007va/Documents/Unreal Projects/Release Game/DP_WV_Arkanoid/Content/Geometry/Meshes/1M_Cube_Chamfer.uasset" 704
"C:/Users/N007va/Documents/Unreal Projects/Release Game/DP_WV_Arkanoid/Content/Geometry/Meshes/1M_Cube_Chamfer.uexp" 705
"C:/Users/N007va/Documents/Unreal Projects/Release Game/DP_WV_Arkanoid/Content/Geometry/Meshes/1M_Cube.uasset" 706
"C:/Users/N007va/Documents/Unreal Projects/Release Game/DP_WV_Arkanoid/Content/Geometry/Meshes/1M_Cube.uexp" 707
"C:/Users/N007va/Documents/Unreal Projects/Release Game/DP_WV_Arkanoid/Content/TopDownBP/Maps/TopDownExampleMap.uexp" 708
"C:/Users/N007va/Documents/Unreal Projects/Release Game/DP_WV_Arkanoid/Content/TopDownBP/Maps/TopDownExampleMap.umap" 709
"../../../Engine/Content/Maps/Entry_BuiltData.uasset" 710
"../../../Engine/Content/Maps/Entry_BuiltData.uexp" 711
"../../../Engine/Content/Maps/Entry.uexp" 712
"../../../Engine/Content/Maps/Entry.umap" 713
